2014-06-22 11:52:02,980 [main] INFO  org.springframework.context.support.ClassPathXmlApplicationContext - Refreshing org.springframework.context.support.ClassPathXmlApplicationContext@5a39699c: startup date [Sun Jun 22 11:52:02 UYT 2014]; root of context hierarchy
2014-06-22 11:52:03,107 [main] INFO  org.springframework.beans.factory.xml.XmlBeanDefinitionReader - Loading XML bean definitions from class path resource [resources/application-context.xml]
2014-06-22 11:52:03,858 [main] INFO  org.springframework.context.support.ClassPathXmlApplicationContext - Bean '(inner bean)' of type [class org.springframework.aop.aspectj.AspectJAroundAdvice] is not eligible for getting processed by all BeanPostProcessors (for example: not eligible for auto-proxying)
2014-06-22 11:52:04,099 [main] INFO  org.springframework.context.support.ClassPathXmlApplicationContext - Bean 'org.springframework.aop.aspectj.AspectJPointcutAdvisor#0' of type [class org.springframework.aop.aspectj.AspectJPointcutAdvisor] is not eligible for getting processed by all BeanPostProcessors (for example: not eligible for auto-proxying)
2014-06-22 11:52:04,112 [main] INFO  org.springframework.context.support.ClassPathXmlApplicationContext - Bean '(inner bean)#2' of type [class org.springframework.aop.aspectj.AspectJAfterReturningAdvice] is not eligible for getting processed by all BeanPostProcessors (for example: not eligible for auto-proxying)
2014-06-22 11:52:04,114 [main] INFO  org.springframework.context.support.ClassPathXmlApplicationContext - Bean 'org.springframework.aop.aspectj.AspectJPointcutAdvisor#1' of type [class org.springframework.aop.aspectj.AspectJPointcutAdvisor] is not eligible for getting processed by all BeanPostProcessors (for example: not eligible for auto-proxying)
2014-06-22 11:52:04,127 [main] INFO  org.springframework.context.support.ClassPathXmlApplicationContext - Bean 'org.springframework.transaction.annotation.AnnotationTransactionAttributeSource#0' of type [class org.springframework.transaction.annotation.AnnotationTransactionAttributeSource] is not eligible for getting processed by all BeanPostProcessors (for example: not eligible for auto-proxying)
2014-06-22 11:52:04,190 [main] INFO  org.springframework.context.support.ClassPathXmlApplicationContext - Bean 'org.springframework.transaction.config.internalTransactionAdvisor' of type [class org.springframework.transaction.interceptor.BeanFactoryTransactionAttributeSourceAdvisor] is not eligible for getting processed by all BeanPostProcessors (for example: not eligible for auto-proxying)
2014-06-22 11:52:04,232 [main] INFO  org.springframework.beans.factory.support.DefaultListableBeanFactory - Pre-instantiating singletons in org.springframework.beans.factory.support.DefaultListableBeanFactory@4fb64261: defining beans [org.springframework.aop.config.internalAutoProxyCreator,org.springframework.transaction.annotation.AnnotationTransactionAttributeSource#0,org.springframework.transaction.interceptor.TransactionInterceptor#0,org.springframework.transaction.config.internalTransactionAdvisor,org.springframework.remoting.rmi.RmiServiceExporter#0,org.springframework.remoting.rmi.RmiServiceExporter#1,org.springframework.remoting.rmi.RmiServiceExporter#2,org.springframework.remoting.rmi.RmiServiceExporter#3,org.springframework.remoting.rmi.RmiServiceExporter#4,org.springframework.remoting.rmi.RmiServiceExporter#5,usernameService,arriboService,partidaService,barcoService,contenedorService,profilingService,arriboDao,partidaDao,contenedorDao,barcoDao,reporteEjecucionDao,myBeanPostProcessor,transactionManager,hibernateTemplate,sessionFactory,org.springframework.aop.aspectj.AspectJPointcutAdvisor#0,allServicePC,profilingAspect,org.springframework.aop.aspectj.AspectJPointcutAdvisor#1,allDaoPC,traceAspect]; root of factory hierarchy
2014-06-22 11:52:05,020 [main] INFO  org.springframework.orm.hibernate3.annotation.AnnotationSessionFactoryBean - Building new Hibernate SessionFactory
2014-06-22 11:52:07,882 [main] INFO  org.springframework.remoting.rmi.RmiServiceExporter - Looking for RMI registry at port '1199'
2014-06-22 11:52:07,992 [main] INFO  org.springframework.remoting.rmi.RmiServiceExporter - Could not detect RMI registry - creating new one
2014-06-22 11:52:08,021 [main] INFO  org.springframework.remoting.rmi.RmiServiceExporter - Binding service 'BarcoServiceExported' to RMI registry: RegistryImpl[UnicastServerRef [liveRef: [endpoint:[192.168.1.101:1199](local),objID:[0:0:0, 0]]]]
2014-06-22 11:52:08,320 [main] INFO  org.springframework.remoting.rmi.RmiServiceExporter - Looking for RMI registry at port '1199'
2014-06-22 11:52:08,410 [main] INFO  org.springframework.remoting.rmi.RmiServiceExporter - Binding service 'ContenedorServiceExported' to RMI registry: RegistryImpl_Stub[UnicastRef [liveRef: [endpoint:[192.168.1.101:1199](remote),objID:[0:0:0, 0]]]]
2014-06-22 11:52:08,524 [main] INFO  org.springframework.remoting.rmi.RmiServiceExporter - Looking for RMI registry at port '1199'
2014-06-22 11:52:08,530 [main] INFO  org.springframework.remoting.rmi.RmiServiceExporter - Binding service 'ArriboServiceExported' to RMI registry: RegistryImpl_Stub[UnicastRef [liveRef: [endpoint:[192.168.1.101:1199](remote),objID:[0:0:0, 0]]]]
2014-06-22 11:52:08,610 [main] INFO  org.springframework.remoting.rmi.RmiServiceExporter - Looking for RMI registry at port '1199'
2014-06-22 11:52:08,614 [main] INFO  org.springframework.remoting.rmi.RmiServiceExporter - Binding service 'PartidaServiceExported' to RMI registry: RegistryImpl_Stub[UnicastRef [liveRef: [endpoint:[192.168.1.101:1199](remote),objID:[0:0:0, 0]]]]
2014-06-22 11:52:08,670 [main] INFO  org.springframework.remoting.rmi.RmiServiceExporter - Looking for RMI registry at port '1199'
2014-06-22 11:52:08,682 [main] INFO  org.springframework.remoting.rmi.RmiServiceExporter - Binding service 'ProfilingServiceExported' to RMI registry: RegistryImpl_Stub[UnicastRef [liveRef: [endpoint:[192.168.1.101:1199](remote),objID:[0:0:0, 0]]]]
2014-06-22 11:52:08,767 [main] INFO  org.springframework.remoting.rmi.RmiServiceExporter - Looking for RMI registry at port '1199'
2014-06-22 11:52:08,787 [main] INFO  org.springframework.remoting.rmi.RmiServiceExporter - Binding service 'UsernameServiceExported' to RMI registry: RegistryImpl_Stub[UnicastRef [liveRef: [endpoint:[192.168.1.101:1199](remote),objID:[0:0:0, 0]]]]
2014-06-22 11:52:09,370 [main] INFO  uy.edu.ort.aop.TraceAspect - usuario: defaultUser [ejecuto metodo void uy.edu.ort.dao.ObjetoDao.guardar(Object)]
2014-06-22 11:52:09,370 [main] INFO  uy.edu.ort.aop.TraceAspect - usuario: defaultUser [ejecuto metodo void uy.edu.ort.service.BarcoService.addBarco(Barco)]
2014-06-22 11:52:09,383 [main] INFO  uy.edu.ort.aop.TraceAspect - usuario: defaultUser [ejecuto metodo void uy.edu.ort.dao.ObjetoDao.guardar(Object)]
2014-06-22 11:57:42,523 [main] INFO  org.springframework.context.support.ClassPathXmlApplicationContext - Refreshing org.springframework.context.support.ClassPathXmlApplicationContext@5a39699c: startup date [Sun Jun 22 11:57:42 UYT 2014]; root of context hierarchy
2014-06-22 11:57:42,708 [main] INFO  org.springframework.beans.factory.xml.XmlBeanDefinitionReader - Loading XML bean definitions from class path resource [resources/application-context.xml]
2014-06-22 11:57:44,036 [main] INFO  org.springframework.context.support.ClassPathXmlApplicationContext - Bean '(inner bean)' of type [class org.springframework.aop.aspectj.AspectJAroundAdvice] is not eligible for getting processed by all BeanPostProcessors (for example: not eligible for auto-proxying)
2014-06-22 11:57:44,597 [main] INFO  org.springframework.context.support.ClassPathXmlApplicationContext - Bean 'org.springframework.aop.aspectj.AspectJPointcutAdvisor#0' of type [class org.springframework.aop.aspectj.AspectJPointcutAdvisor] is not eligible for getting processed by all BeanPostProcessors (for example: not eligible for auto-proxying)
2014-06-22 11:57:44,624 [main] INFO  org.springframework.context.support.ClassPathXmlApplicationContext - Bean '(inner bean)#2' of type [class org.springframework.aop.aspectj.AspectJAfterReturningAdvice] is not eligible for getting processed by all BeanPostProcessors (for example: not eligible for auto-proxying)
2014-06-22 11:57:44,632 [main] INFO  org.springframework.context.support.ClassPathXmlApplicationContext - Bean 'org.springframework.aop.aspectj.AspectJPointcutAdvisor#1' of type [class org.springframework.aop.aspectj.AspectJPointcutAdvisor] is not eligible for getting processed by all BeanPostProcessors (for example: not eligible for auto-proxying)
2014-06-22 11:57:44,672 [main] INFO  org.springframework.context.support.ClassPathXmlApplicationContext - Bean 'org.springframework.transaction.annotation.AnnotationTransactionAttributeSource#0' of type [class org.springframework.transaction.annotation.AnnotationTransactionAttributeSource] is not eligible for getting processed by all BeanPostProcessors (for example: not eligible for auto-proxying)
2014-06-22 11:57:44,816 [main] INFO  org.springframework.context.support.ClassPathXmlApplicationContext - Bean 'org.springframework.transaction.config.internalTransactionAdvisor' of type [class org.springframework.transaction.interceptor.BeanFactoryTransactionAttributeSourceAdvisor] is not eligible for getting processed by all BeanPostProcessors (for example: not eligible for auto-proxying)
2014-06-22 11:57:44,906 [main] INFO  org.springframework.beans.factory.support.DefaultListableBeanFactory - Pre-instantiating singletons in org.springframework.beans.factory.support.DefaultListableBeanFactory@4fb64261: defining beans [org.springframework.aop.config.internalAutoProxyCreator,org.springframework.transaction.annotation.AnnotationTransactionAttributeSource#0,org.springframework.transaction.interceptor.TransactionInterceptor#0,org.springframework.transaction.config.internalTransactionAdvisor,org.springframework.remoting.rmi.RmiServiceExporter#0,org.springframework.remoting.rmi.RmiServiceExporter#1,org.springframework.remoting.rmi.RmiServiceExporter#2,org.springframework.remoting.rmi.RmiServiceExporter#3,org.springframework.remoting.rmi.RmiServiceExporter#4,org.springframework.remoting.rmi.RmiServiceExporter#5,usernameService,arriboService,partidaService,barcoService,contenedorService,profilingService,arriboDao,partidaDao,contenedorDao,barcoDao,reporteEjecucionDao,myBeanPostProcessor,transactionManager,hibernateTemplate,sessionFactory,org.springframework.aop.aspectj.AspectJPointcutAdvisor#0,allServicePC,profilingAspect,org.springframework.aop.aspectj.AspectJPointcutAdvisor#1,allDaoPC,traceAspect]; root of factory hierarchy
2014-06-22 11:57:47,138 [main] INFO  org.springframework.orm.hibernate3.annotation.AnnotationSessionFactoryBean - Building new Hibernate SessionFactory
2014-06-22 11:57:50,172 [main] INFO  org.springframework.remoting.rmi.RmiServiceExporter - Looking for RMI registry at port '1199'
2014-06-22 11:57:50,275 [main] INFO  org.springframework.remoting.rmi.RmiServiceExporter - Could not detect RMI registry - creating new one
2014-06-22 11:57:50,333 [main] INFO  org.springframework.remoting.rmi.RmiServiceExporter - Binding service 'BarcoServiceExported' to RMI registry: RegistryImpl[UnicastServerRef [liveRef: [endpoint:[192.168.1.101:1199](local),objID:[0:0:0, 0]]]]
2014-06-22 11:57:50,638 [main] INFO  org.springframework.remoting.rmi.RmiServiceExporter - Looking for RMI registry at port '1199'
2014-06-22 11:57:50,730 [main] INFO  org.springframework.remoting.rmi.RmiServiceExporter - Binding service 'ContenedorServiceExported' to RMI registry: RegistryImpl_Stub[UnicastRef [liveRef: [endpoint:[192.168.1.101:1199](remote),objID:[0:0:0, 0]]]]
2014-06-22 11:57:50,816 [main] INFO  org.springframework.remoting.rmi.RmiServiceExporter - Looking for RMI registry at port '1199'
2014-06-22 11:57:50,822 [main] INFO  org.springframework.remoting.rmi.RmiServiceExporter - Binding service 'ArriboServiceExported' to RMI registry: RegistryImpl_Stub[UnicastRef [liveRef: [endpoint:[192.168.1.101:1199](remote),objID:[0:0:0, 0]]]]
2014-06-22 11:57:50,944 [main] INFO  org.springframework.remoting.rmi.RmiServiceExporter - Looking for RMI registry at port '1199'
2014-06-22 11:57:50,958 [main] INFO  org.springframework.remoting.rmi.RmiServiceExporter - Binding service 'PartidaServiceExported' to RMI registry: RegistryImpl_Stub[UnicastRef [liveRef: [endpoint:[192.168.1.101:1199](remote),objID:[0:0:0, 0]]]]
2014-06-22 11:57:51,172 [main] INFO  org.springframework.remoting.rmi.RmiServiceExporter - Looking for RMI registry at port '1199'
2014-06-22 11:57:51,180 [main] INFO  org.springframework.remoting.rmi.RmiServiceExporter - Binding service 'ProfilingServiceExported' to RMI registry: RegistryImpl_Stub[UnicastRef [liveRef: [endpoint:[192.168.1.101:1199](remote),objID:[0:0:0, 0]]]]
2014-06-22 11:57:51,239 [main] INFO  org.springframework.remoting.rmi.RmiServiceExporter - Looking for RMI registry at port '1199'
2014-06-22 11:57:51,245 [main] INFO  org.springframework.remoting.rmi.RmiServiceExporter - Binding service 'UsernameServiceExported' to RMI registry: RegistryImpl_Stub[UnicastRef [liveRef: [endpoint:[192.168.1.101:1199](remote),objID:[0:0:0, 0]]]]
2014-06-22 11:57:51,998 [main] INFO  uy.edu.ort.aop.TraceAspect - usuario: defaultUser [ejecuto metodo void uy.edu.ort.dao.ObjetoDao.guardar(Object)]
2014-06-22 11:57:52,000 [main] INFO  uy.edu.ort.aop.TraceAspect - usuario: defaultUser [ejecuto metodo void uy.edu.ort.service.BarcoService.addBarco(Barco)]
2014-06-22 11:57:52,006 [main] INFO  uy.edu.ort.aop.TraceAspect - usuario: defaultUser [ejecuto metodo void uy.edu.ort.dao.ObjetoDao.guardar(Object)]
2014-06-22 11:59:46,902 [main] INFO  org.springframework.context.support.ClassPathXmlApplicationContext - Refreshing org.springframework.context.support.ClassPathXmlApplicationContext@5a39699c: startup date [Sun Jun 22 11:59:46 UYT 2014]; root of context hierarchy
2014-06-22 11:59:47,121 [main] INFO  org.springframework.beans.factory.xml.XmlBeanDefinitionReader - Loading XML bean definitions from class path resource [resources/application-context.xml]
2014-06-22 11:59:48,378 [main] INFO  org.springframework.context.support.ClassPathXmlApplicationContext - Bean '(inner bean)' of type [class org.springframework.aop.aspectj.AspectJAroundAdvice] is not eligible for getting processed by all BeanPostProcessors (for example: not eligible for auto-proxying)
2014-06-22 11:59:48,774 [main] INFO  org.springframework.context.support.ClassPathXmlApplicationContext - Bean 'org.springframework.aop.aspectj.AspectJPointcutAdvisor#0' of type [class org.springframework.aop.aspectj.AspectJPointcutAdvisor] is not eligible for getting processed by all BeanPostProcessors (for example: not eligible for auto-proxying)
2014-06-22 11:59:48,814 [main] INFO  org.springframework.context.support.ClassPathXmlApplicationContext - Bean '(inner bean)#2' of type [class org.springframework.aop.aspectj.AspectJAfterReturningAdvice] is not eligible for getting processed by all BeanPostProcessors (for example: not eligible for auto-proxying)
2014-06-22 11:59:48,829 [main] INFO  org.springframework.context.support.ClassPathXmlApplicationContext - Bean 'org.springframework.aop.aspectj.AspectJPointcutAdvisor#1' of type [class org.springframework.aop.aspectj.AspectJPointcutAdvisor] is not eligible for getting processed by all BeanPostProcessors (for example: not eligible for auto-proxying)
2014-06-22 11:59:48,879 [main] INFO  org.springframework.context.support.ClassPathXmlApplicationContext - Bean 'org.springframework.transaction.annotation.AnnotationTransactionAttributeSource#0' of type [class org.springframework.transaction.annotation.AnnotationTransactionAttributeSource] is not eligible for getting processed by all BeanPostProcessors (for example: not eligible for auto-proxying)
2014-06-22 11:59:49,011 [main] INFO  org.springframework.context.support.ClassPathXmlApplicationContext - Bean 'org.springframework.transaction.config.internalTransactionAdvisor' of type [class org.springframework.transaction.interceptor.BeanFactoryTransactionAttributeSourceAdvisor] is not eligible for getting processed by all BeanPostProcessors (for example: not eligible for auto-proxying)
2014-06-22 11:59:49,091 [main] INFO  org.springframework.beans.factory.support.DefaultListableBeanFactory - Pre-instantiating singletons in org.springframework.beans.factory.support.DefaultListableBeanFactory@4fb64261: defining beans [org.springframework.aop.config.internalAutoProxyCreator,org.springframework.transaction.annotation.AnnotationTransactionAttributeSource#0,org.springframework.transaction.interceptor.TransactionInterceptor#0,org.springframework.transaction.config.internalTransactionAdvisor,org.springframework.remoting.rmi.RmiServiceExporter#0,org.springframework.remoting.rmi.RmiServiceExporter#1,org.springframework.remoting.rmi.RmiServiceExporter#2,org.springframework.remoting.rmi.RmiServiceExporter#3,org.springframework.remoting.rmi.RmiServiceExporter#4,org.springframework.remoting.rmi.RmiServiceExporter#5,usernameService,arriboService,partidaService,barcoService,contenedorService,profilingService,arriboDao,partidaDao,contenedorDao,barcoDao,reporteEjecucionDao,myBeanPostProcessor,transactionManager,hibernateTemplate,sessionFactory,org.springframework.aop.aspectj.AspectJPointcutAdvisor#0,allServicePC,profilingAspect,org.springframework.aop.aspectj.AspectJPointcutAdvisor#1,allDaoPC,traceAspect]; root of factory hierarchy
2014-06-22 11:59:50,547 [main] INFO  org.springframework.orm.hibernate3.annotation.AnnotationSessionFactoryBean - Building new Hibernate SessionFactory
2014-06-22 11:59:52,373 [main] INFO  org.springframework.remoting.rmi.RmiServiceExporter - Looking for RMI registry at port '1199'
2014-06-22 11:59:52,402 [main] INFO  org.springframework.remoting.rmi.RmiServiceExporter - Could not detect RMI registry - creating new one
2014-06-22 11:59:52,422 [main] INFO  org.springframework.remoting.rmi.RmiServiceExporter - Binding service 'BarcoServiceExported' to RMI registry: RegistryImpl[UnicastServerRef [liveRef: [endpoint:[192.168.1.101:1199](local),objID:[0:0:0, 0]]]]
2014-06-22 11:59:52,486 [main] INFO  org.springframework.remoting.rmi.RmiServiceExporter - Looking for RMI registry at port '1199'
2014-06-22 11:59:52,517 [main] INFO  org.springframework.remoting.rmi.RmiServiceExporter - Binding service 'ContenedorServiceExported' to RMI registry: RegistryImpl_Stub[UnicastRef [liveRef: [endpoint:[192.168.1.101:1199](remote),objID:[0:0:0, 0]]]]
2014-06-22 11:59:52,574 [main] INFO  org.springframework.remoting.rmi.RmiServiceExporter - Looking for RMI registry at port '1199'
2014-06-22 11:59:52,577 [main] INFO  org.springframework.remoting.rmi.RmiServiceExporter - Binding service 'ArriboServiceExported' to RMI registry: RegistryImpl_Stub[UnicastRef [liveRef: [endpoint:[192.168.1.101:1199](remote),objID:[0:0:0, 0]]]]
2014-06-22 11:59:52,623 [main] INFO  org.springframework.remoting.rmi.RmiServiceExporter - Looking for RMI registry at port '1199'
2014-06-22 11:59:52,629 [main] INFO  org.springframework.remoting.rmi.RmiServiceExporter - Binding service 'PartidaServiceExported' to RMI registry: RegistryImpl_Stub[UnicastRef [liveRef: [endpoint:[192.168.1.101:1199](remote),objID:[0:0:0, 0]]]]
2014-06-22 11:59:52,695 [main] INFO  org.springframework.remoting.rmi.RmiServiceExporter - Looking for RMI registry at port '1199'
2014-06-22 11:59:52,698 [main] INFO  org.springframework.remoting.rmi.RmiServiceExporter - Binding service 'ProfilingServiceExported' to RMI registry: RegistryImpl_Stub[UnicastRef [liveRef: [endpoint:[192.168.1.101:1199](remote),objID:[0:0:0, 0]]]]
2014-06-22 11:59:52,736 [main] INFO  org.springframework.remoting.rmi.RmiServiceExporter - Looking for RMI registry at port '1199'
2014-06-22 11:59:52,740 [main] INFO  org.springframework.remoting.rmi.RmiServiceExporter - Binding service 'UsernameServiceExported' to RMI registry: RegistryImpl_Stub[UnicastRef [liveRef: [endpoint:[192.168.1.101:1199](remote),objID:[0:0:0, 0]]]]
2014-06-22 11:59:52,986 [main] INFO  uy.edu.ort.aop.TraceAspect - usuario: defaultUser [ejecuto metodo void uy.edu.ort.dao.ObjetoDao.guardar(Object)]
2014-06-22 11:59:52,987 [main] INFO  uy.edu.ort.aop.TraceAspect - usuario: defaultUser [ejecuto metodo void uy.edu.ort.service.BarcoService.addBarco(Barco)]
2014-06-22 11:59:52,991 [main] INFO  uy.edu.ort.aop.TraceAspect - usuario: defaultUser [ejecuto metodo void uy.edu.ort.dao.ObjetoDao.guardar(Object)]
2014-06-22 11:59:53,623 [main] INFO  uy.edu.ort.aop.TraceAspect - usuario: defaultUser [ejecuto metodo void uy.edu.ort.dao.ObjetoDao.guardar(Object)]
2014-06-22 11:59:53,623 [main] INFO  uy.edu.ort.aop.TraceAspect - usuario: defaultUser [ejecuto metodo void uy.edu.ort.service.ArriboService.registrarArribo(Barco,List,String,String,Date)]
2014-06-22 11:59:53,626 [main] INFO  uy.edu.ort.aop.TraceAspect - usuario: defaultUser [ejecuto metodo void uy.edu.ort.dao.ObjetoDao.guardar(Object)]
2014-06-22 12:01:59,196 [main] INFO  org.springframework.context.support.ClassPathXmlApplicationContext - Refreshing org.springframework.context.support.ClassPathXmlApplicationContext@5a39699c: startup date [Sun Jun 22 12:01:59 UYT 2014]; root of context hierarchy
2014-06-22 12:01:59,391 [main] INFO  org.springframework.beans.factory.xml.XmlBeanDefinitionReader - Loading XML bean definitions from class path resource [resources/application-context.xml]
2014-06-22 12:02:00,882 [main] INFO  org.springframework.context.support.ClassPathXmlApplicationContext - Bean '(inner bean)' of type [class org.springframework.aop.aspectj.AspectJAroundAdvice] is not eligible for getting processed by all BeanPostProcessors (for example: not eligible for auto-proxying)
2014-06-22 12:02:01,380 [main] INFO  org.springframework.context.support.ClassPathXmlApplicationContext - Bean 'org.springframework.aop.aspectj.AspectJPointcutAdvisor#0' of type [class org.springframework.aop.aspectj.AspectJPointcutAdvisor] is not eligible for getting processed by all BeanPostProcessors (for example: not eligible for auto-proxying)
2014-06-22 12:02:01,407 [main] INFO  org.springframework.context.support.ClassPathXmlApplicationContext - Bean '(inner bean)#2' of type [class org.springframework.aop.aspectj.AspectJAfterReturningAdvice] is not eligible for getting processed by all BeanPostProcessors (for example: not eligible for auto-proxying)
2014-06-22 12:02:01,412 [main] INFO  org.springframework.context.support.ClassPathXmlApplicationContext - Bean 'org.springframework.aop.aspectj.AspectJPointcutAdvisor#1' of type [class org.springframework.aop.aspectj.AspectJPointcutAdvisor] is not eligible for getting processed by all BeanPostProcessors (for example: not eligible for auto-proxying)
2014-06-22 12:02:01,433 [main] INFO  org.springframework.context.support.ClassPathXmlApplicationContext - Bean 'org.springframework.transaction.annotation.AnnotationTransactionAttributeSource#0' of type [class org.springframework.transaction.annotation.AnnotationTransactionAttributeSource] is not eligible for getting processed by all BeanPostProcessors (for example: not eligible for auto-proxying)
2014-06-22 12:02:01,505 [main] INFO  org.springframework.context.support.ClassPathXmlApplicationContext - Bean 'org.springframework.transaction.config.internalTransactionAdvisor' of type [class org.springframework.transaction.interceptor.BeanFactoryTransactionAttributeSourceAdvisor] is not eligible for getting processed by all BeanPostProcessors (for example: not eligible for auto-proxying)
2014-06-22 12:02:01,547 [main] INFO  org.springframework.beans.factory.support.DefaultListableBeanFactory - Pre-instantiating singletons in org.springframework.beans.factory.support.DefaultListableBeanFactory@4fb64261: defining beans [org.springframework.aop.config.internalAutoProxyCreator,org.springframework.transaction.annotation.AnnotationTransactionAttributeSource#0,org.springframework.transaction.interceptor.TransactionInterceptor#0,org.springframework.transaction.config.internalTransactionAdvisor,org.springframework.remoting.rmi.RmiServiceExporter#0,org.springframework.remoting.rmi.RmiServiceExporter#1,org.springframework.remoting.rmi.RmiServiceExporter#2,org.springframework.remoting.rmi.RmiServiceExporter#3,org.springframework.remoting.rmi.RmiServiceExporter#4,org.springframework.remoting.rmi.RmiServiceExporter#5,usernameService,arriboService,partidaService,barcoService,contenedorService,profilingService,arriboDao,partidaDao,contenedorDao,barcoDao,reporteEjecucionDao,myBeanPostProcessor,transactionManager,hibernateTemplate,sessionFactory,org.springframework.aop.aspectj.AspectJPointcutAdvisor#0,allServicePC,profilingAspect,org.springframework.aop.aspectj.AspectJPointcutAdvisor#1,allDaoPC,traceAspect]; root of factory hierarchy
2014-06-22 12:02:03,229 [main] INFO  org.springframework.orm.hibernate3.annotation.AnnotationSessionFactoryBean - Building new Hibernate SessionFactory
2014-06-22 12:02:06,845 [main] INFO  org.springframework.remoting.rmi.RmiServiceExporter - Looking for RMI registry at port '1199'
2014-06-22 12:02:06,915 [main] INFO  org.springframework.remoting.rmi.RmiServiceExporter - Could not detect RMI registry - creating new one
2014-06-22 12:02:07,002 [main] INFO  org.springframework.remoting.rmi.RmiServiceExporter - Binding service 'BarcoServiceExported' to RMI registry: RegistryImpl[UnicastServerRef [liveRef: [endpoint:[192.168.1.101:1199](local),objID:[0:0:0, 0]]]]
2014-06-22 12:02:07,289 [main] INFO  org.springframework.remoting.rmi.RmiServiceExporter - Looking for RMI registry at port '1199'
2014-06-22 12:02:07,365 [main] INFO  org.springframework.remoting.rmi.RmiServiceExporter - Binding service 'ContenedorServiceExported' to RMI registry: RegistryImpl_Stub[UnicastRef [liveRef: [endpoint:[192.168.1.101:1199](remote),objID:[0:0:0, 0]]]]
2014-06-22 12:02:07,507 [main] INFO  org.springframework.remoting.rmi.RmiServiceExporter - Looking for RMI registry at port '1199'
2014-06-22 12:02:07,515 [main] INFO  org.springframework.remoting.rmi.RmiServiceExporter - Binding service 'ArriboServiceExported' to RMI registry: RegistryImpl_Stub[UnicastRef [liveRef: [endpoint:[192.168.1.101:1199](remote),objID:[0:0:0, 0]]]]
2014-06-22 12:02:07,631 [main] INFO  org.springframework.remoting.rmi.RmiServiceExporter - Looking for RMI registry at port '1199'
2014-06-22 12:02:07,639 [main] INFO  org.springframework.remoting.rmi.RmiServiceExporter - Binding service 'PartidaServiceExported' to RMI registry: RegistryImpl_Stub[UnicastRef [liveRef: [endpoint:[192.168.1.101:1199](remote),objID:[0:0:0, 0]]]]
2014-06-22 12:02:07,818 [main] INFO  org.springframework.remoting.rmi.RmiServiceExporter - Looking for RMI registry at port '1199'
2014-06-22 12:02:07,832 [main] INFO  org.springframework.remoting.rmi.RmiServiceExporter - Binding service 'ProfilingServiceExported' to RMI registry: RegistryImpl_Stub[UnicastRef [liveRef: [endpoint:[192.168.1.101:1199](remote),objID:[0:0:0, 0]]]]
2014-06-22 12:02:07,910 [main] INFO  org.springframework.remoting.rmi.RmiServiceExporter - Looking for RMI registry at port '1199'
2014-06-22 12:02:07,915 [main] INFO  org.springframework.remoting.rmi.RmiServiceExporter - Binding service 'UsernameServiceExported' to RMI registry: RegistryImpl_Stub[UnicastRef [liveRef: [endpoint:[192.168.1.101:1199](remote),objID:[0:0:0, 0]]]]
2014-06-22 12:02:08,630 [main] INFO  uy.edu.ort.aop.TraceAspect - usuario: defaultUser [ejecuto metodo void uy.edu.ort.dao.ObjetoDao.guardar(Object)]
2014-06-22 12:02:08,632 [main] INFO  uy.edu.ort.aop.TraceAspect - usuario: defaultUser [ejecuto metodo void uy.edu.ort.service.BarcoService.addBarco(Barco)]
2014-06-22 12:02:08,652 [main] INFO  uy.edu.ort.aop.TraceAspect - usuario: defaultUser [ejecuto metodo void uy.edu.ort.dao.ObjetoDao.guardar(Object)]
2014-06-22 12:02:09,435 [main] INFO  uy.edu.ort.aop.TraceAspect - usuario: defaultUser [ejecuto metodo void uy.edu.ort.dao.ObjetoDao.guardar(Object)]
2014-06-22 12:02:09,437 [main] INFO  uy.edu.ort.aop.TraceAspect - usuario: defaultUser [ejecuto metodo void uy.edu.ort.service.ArriboService.registrarArribo(Barco,List,String,String,Date)]
2014-06-22 12:02:09,442 [main] INFO  uy.edu.ort.aop.TraceAspect - usuario: defaultUser [ejecuto metodo void uy.edu.ort.dao.ObjetoDao.guardar(Object)]
2014-06-22 12:02:09,582 [main] INFO  uy.edu.ort.aop.TraceAspect - usuario: defaultUser [ejecuto metodo void uy.edu.ort.dao.ObjetoDao.guardar(Object)]
2014-06-22 12:13:56,198 [main] INFO  org.springframework.context.support.ClassPathXmlApplicationContext - Refreshing org.springframework.context.support.ClassPathXmlApplicationContext@5a39699c: startup date [Sun Jun 22 12:13:56 UYT 2014]; root of context hierarchy
2014-06-22 12:13:56,442 [main] INFO  org.springframework.beans.factory.xml.XmlBeanDefinitionReader - Loading XML bean definitions from class path resource [resources/application-context.xml]
2014-06-22 12:13:57,822 [main] INFO  org.springframework.context.support.ClassPathXmlApplicationContext - Bean '(inner bean)' of type [class org.springframework.aop.aspectj.AspectJAroundAdvice] is not eligible for getting processed by all BeanPostProcessors (for example: not eligible for auto-proxying)
2014-06-22 12:13:58,253 [main] INFO  org.springframework.context.support.ClassPathXmlApplicationContext - Bean 'org.springframework.aop.aspectj.AspectJPointcutAdvisor#0' of type [class org.springframework.aop.aspectj.AspectJPointcutAdvisor] is not eligible for getting processed by all BeanPostProcessors (for example: not eligible for auto-proxying)
2014-06-22 12:13:58,285 [main] INFO  org.springframework.context.support.ClassPathXmlApplicationContext - Bean '(inner bean)#2' of type [class org.springframework.aop.aspectj.AspectJAfterReturningAdvice] is not eligible for getting processed by all BeanPostProcessors (for example: not eligible for auto-proxying)
2014-06-22 12:13:58,293 [main] INFO  org.springframework.context.support.ClassPathXmlApplicationContext - Bean 'org.springframework.aop.aspectj.AspectJPointcutAdvisor#1' of type [class org.springframework.aop.aspectj.AspectJPointcutAdvisor] is not eligible for getting processed by all BeanPostProcessors (for example: not eligible for auto-proxying)
2014-06-22 12:13:58,323 [main] INFO  org.springframework.context.support.ClassPathXmlApplicationContext - Bean 'org.springframework.transaction.annotation.AnnotationTransactionAttributeSource#0' of type [class org.springframework.transaction.annotation.AnnotationTransactionAttributeSource] is not eligible for getting processed by all BeanPostProcessors (for example: not eligible for auto-proxying)
2014-06-22 12:13:58,445 [main] INFO  org.springframework.context.support.ClassPathXmlApplicationContext - Bean 'org.springframework.transaction.config.internalTransactionAdvisor' of type [class org.springframework.transaction.interceptor.BeanFactoryTransactionAttributeSourceAdvisor] is not eligible for getting processed by all BeanPostProcessors (for example: not eligible for auto-proxying)
2014-06-22 12:13:58,543 [main] INFO  org.springframework.beans.factory.support.DefaultListableBeanFactory - Pre-instantiating singletons in org.springframework.beans.factory.support.DefaultListableBeanFactory@4fb64261: defining beans [org.springframework.aop.config.internalAutoProxyCreator,org.springframework.transaction.annotation.AnnotationTransactionAttributeSource#0,org.springframework.transaction.interceptor.TransactionInterceptor#0,org.springframework.transaction.config.internalTransactionAdvisor,org.springframework.remoting.rmi.RmiServiceExporter#0,org.springframework.remoting.rmi.RmiServiceExporter#1,org.springframework.remoting.rmi.RmiServiceExporter#2,org.springframework.remoting.rmi.RmiServiceExporter#3,org.springframework.remoting.rmi.RmiServiceExporter#4,org.springframework.remoting.rmi.RmiServiceExporter#5,usernameService,arriboService,partidaService,barcoService,contenedorService,profilingService,arriboDao,partidaDao,contenedorDao,barcoDao,reporteEjecucionDao,myBeanPostProcessor,transactionManager,hibernateTemplate,sessionFactory,org.springframework.aop.aspectj.AspectJPointcutAdvisor#0,allServicePC,profilingAspect,org.springframework.aop.aspectj.AspectJPointcutAdvisor#1,allDaoPC,traceAspect]; root of factory hierarchy
2014-06-22 12:14:00,261 [main] INFO  org.springframework.orm.hibernate3.annotation.AnnotationSessionFactoryBean - Building new Hibernate SessionFactory
2014-06-22 12:14:03,661 [main] INFO  org.springframework.remoting.rmi.RmiServiceExporter - Looking for RMI registry at port '1199'
2014-06-22 12:14:03,742 [main] INFO  org.springframework.remoting.rmi.RmiServiceExporter - Could not detect RMI registry - creating new one
2014-06-22 12:14:03,784 [main] INFO  org.springframework.remoting.rmi.RmiServiceExporter - Binding service 'BarcoServiceExported' to RMI registry: RegistryImpl[UnicastServerRef [liveRef: [endpoint:[192.168.1.101:1199](local),objID:[0:0:0, 0]]]]
2014-06-22 12:14:03,988 [main] INFO  org.springframework.remoting.rmi.RmiServiceExporter - Looking for RMI registry at port '1199'
2014-06-22 12:14:04,068 [main] INFO  org.springframework.remoting.rmi.RmiServiceExporter - Binding service 'ContenedorServiceExported' to RMI registry: RegistryImpl_Stub[UnicastRef [liveRef: [endpoint:[192.168.1.101:1199](remote),objID:[0:0:0, 0]]]]
2014-06-22 12:14:04,192 [main] INFO  org.springframework.remoting.rmi.RmiServiceExporter - Looking for RMI registry at port '1199'
2014-06-22 12:14:04,210 [main] INFO  org.springframework.remoting.rmi.RmiServiceExporter - Binding service 'ArriboServiceExported' to RMI registry: RegistryImpl_Stub[UnicastRef [liveRef: [endpoint:[192.168.1.101:1199](remote),objID:[0:0:0, 0]]]]
2014-06-22 12:14:04,323 [main] INFO  org.springframework.remoting.rmi.RmiServiceExporter - Looking for RMI registry at port '1199'
2014-06-22 12:14:04,333 [main] INFO  org.springframework.remoting.rmi.RmiServiceExporter - Binding service 'PartidaServiceExported' to RMI registry: RegistryImpl_Stub[UnicastRef [liveRef: [endpoint:[192.168.1.101:1199](remote),objID:[0:0:0, 0]]]]
2014-06-22 12:14:04,487 [main] INFO  org.springframework.remoting.rmi.RmiServiceExporter - Looking for RMI registry at port '1199'
2014-06-22 12:14:04,496 [main] INFO  org.springframework.remoting.rmi.RmiServiceExporter - Binding service 'ProfilingServiceExported' to RMI registry: RegistryImpl_Stub[UnicastRef [liveRef: [endpoint:[192.168.1.101:1199](remote),objID:[0:0:0, 0]]]]
2014-06-22 12:14:04,551 [main] INFO  org.springframework.remoting.rmi.RmiServiceExporter - Looking for RMI registry at port '1199'
2014-06-22 12:14:04,559 [main] INFO  org.springframework.remoting.rmi.RmiServiceExporter - Binding service 'UsernameServiceExported' to RMI registry: RegistryImpl_Stub[UnicastRef [liveRef: [endpoint:[192.168.1.101:1199](remote),objID:[0:0:0, 0]]]]
2014-06-22 12:14:05,305 [main] INFO  uy.edu.ort.aop.TraceAspect - usuario: defaultUser [ejecuto metodo void uy.edu.ort.dao.ObjetoDao.guardar(Object)]
2014-06-22 12:14:05,307 [main] INFO  uy.edu.ort.aop.TraceAspect - usuario: defaultUser [ejecuto metodo void uy.edu.ort.service.BarcoService.addBarco(Barco)]
2014-06-22 12:14:05,324 [main] INFO  uy.edu.ort.aop.TraceAspect - usuario: defaultUser [ejecuto metodo void uy.edu.ort.dao.ObjetoDao.guardar(Object)]
2014-06-22 12:14:06,058 [main] INFO  uy.edu.ort.aop.TraceAspect - usuario: defaultUser [ejecuto metodo void uy.edu.ort.dao.ObjetoDao.guardar(Object)]
2014-06-22 12:14:06,061 [main] INFO  uy.edu.ort.aop.TraceAspect - usuario: defaultUser [ejecuto metodo void uy.edu.ort.service.ArriboService.registrarArribo(Barco,List,String,String,Date)]
2014-06-22 12:14:06,066 [main] INFO  uy.edu.ort.aop.TraceAspect - usuario: defaultUser [ejecuto metodo void uy.edu.ort.dao.ObjetoDao.guardar(Object)]
2014-06-22 12:14:06,241 [main] INFO  uy.edu.ort.aop.TraceAspect - usuario: defaultUser [ejecuto metodo void uy.edu.ort.dao.ObjetoDao.guardar(Object)]
2014-06-22 12:15:09,391 [main] INFO  org.springframework.context.support.ClassPathXmlApplicationContext - Refreshing org.springframework.context.support.ClassPathXmlApplicationContext@5a39699c: startup date [Sun Jun 22 12:15:09 UYT 2014]; root of context hierarchy
2014-06-22 12:15:09,703 [main] INFO  org.springframework.beans.factory.xml.XmlBeanDefinitionReader - Loading XML bean definitions from class path resource [resources/application-context.xml]
2014-06-22 12:15:11,225 [main] INFO  org.springframework.context.support.ClassPathXmlApplicationContext - Bean '(inner bean)' of type [class org.springframework.aop.aspectj.AspectJAroundAdvice] is not eligible for getting processed by all BeanPostProcessors (for example: not eligible for auto-proxying)
2014-06-22 12:15:11,682 [main] INFO  org.springframework.context.support.ClassPathXmlApplicationContext - Bean 'org.springframework.aop.aspectj.AspectJPointcutAdvisor#0' of type [class org.springframework.aop.aspectj.AspectJPointcutAdvisor] is not eligible for getting processed by all BeanPostProcessors (for example: not eligible for auto-proxying)
2014-06-22 12:15:11,700 [main] INFO  org.springframework.context.support.ClassPathXmlApplicationContext - Bean '(inner bean)#2' of type [class org.springframework.aop.aspectj.AspectJAfterReturningAdvice] is not eligible for getting processed by all BeanPostProcessors (for example: not eligible for auto-proxying)
2014-06-22 12:15:11,704 [main] INFO  org.springframework.context.support.ClassPathXmlApplicationContext - Bean 'org.springframework.aop.aspectj.AspectJPointcutAdvisor#1' of type [class org.springframework.aop.aspectj.AspectJPointcutAdvisor] is not eligible for getting processed by all BeanPostProcessors (for example: not eligible for auto-proxying)
2014-06-22 12:15:11,737 [main] INFO  org.springframework.context.support.ClassPathXmlApplicationContext - Bean 'org.springframework.transaction.annotation.AnnotationTransactionAttributeSource#0' of type [class org.springframework.transaction.annotation.AnnotationTransactionAttributeSource] is not eligible for getting processed by all BeanPostProcessors (for example: not eligible for auto-proxying)
2014-06-22 12:15:11,818 [main] INFO  org.springframework.context.support.ClassPathXmlApplicationContext - Bean 'org.springframework.transaction.config.internalTransactionAdvisor' of type [class org.springframework.transaction.interceptor.BeanFactoryTransactionAttributeSourceAdvisor] is not eligible for getting processed by all BeanPostProcessors (for example: not eligible for auto-proxying)
2014-06-22 12:15:11,841 [main] INFO  org.springframework.beans.factory.support.DefaultListableBeanFactory - Pre-instantiating singletons in org.springframework.beans.factory.support.DefaultListableBeanFactory@4fb64261: defining beans [org.springframework.aop.config.internalAutoProxyCreator,org.springframework.transaction.annotation.AnnotationTransactionAttributeSource#0,org.springframework.transaction.interceptor.TransactionInterceptor#0,org.springframework.transaction.config.internalTransactionAdvisor,org.springframework.remoting.rmi.RmiServiceExporter#0,org.springframework.remoting.rmi.RmiServiceExporter#1,org.springframework.remoting.rmi.RmiServiceExporter#2,org.springframework.remoting.rmi.RmiServiceExporter#3,org.springframework.remoting.rmi.RmiServiceExporter#4,org.springframework.remoting.rmi.RmiServiceExporter#5,usernameService,arriboService,partidaService,barcoService,contenedorService,profilingService,arriboDao,partidaDao,contenedorDao,barcoDao,reporteEjecucionDao,myBeanPostProcessor,transactionManager,hibernateTemplate,sessionFactory,org.springframework.aop.aspectj.AspectJPointcutAdvisor#0,allServicePC,profilingAspect,org.springframework.aop.aspectj.AspectJPointcutAdvisor#1,allDaoPC,traceAspect]; root of factory hierarchy
2014-06-22 12:15:13,314 [main] INFO  org.springframework.orm.hibernate3.annotation.AnnotationSessionFactoryBean - Building new Hibernate SessionFactory
2014-06-22 12:15:15,058 [main] INFO  org.springframework.remoting.rmi.RmiServiceExporter - Looking for RMI registry at port '1199'
2014-06-22 12:15:15,105 [main] INFO  org.springframework.remoting.rmi.RmiServiceExporter - Could not detect RMI registry - creating new one
2014-06-22 12:15:15,126 [main] INFO  org.springframework.remoting.rmi.RmiServiceExporter - Binding service 'BarcoServiceExported' to RMI registry: RegistryImpl[UnicastServerRef [liveRef: [endpoint:[192.168.1.101:1199](local),objID:[0:0:0, 0]]]]
2014-06-22 12:15:15,198 [main] INFO  org.springframework.remoting.rmi.RmiServiceExporter - Looking for RMI registry at port '1199'
2014-06-22 12:15:15,236 [main] INFO  org.springframework.remoting.rmi.RmiServiceExporter - Binding service 'ContenedorServiceExported' to RMI registry: RegistryImpl_Stub[UnicastRef [liveRef: [endpoint:[192.168.1.101:1199](remote),objID:[0:0:0, 0]]]]
2014-06-22 12:15:15,320 [main] INFO  org.springframework.remoting.rmi.RmiServiceExporter - Looking for RMI registry at port '1199'
2014-06-22 12:15:15,324 [main] INFO  org.springframework.remoting.rmi.RmiServiceExporter - Binding service 'ArriboServiceExported' to RMI registry: RegistryImpl_Stub[UnicastRef [liveRef: [endpoint:[192.168.1.101:1199](remote),objID:[0:0:0, 0]]]]
2014-06-22 12:15:15,407 [main] INFO  org.springframework.remoting.rmi.RmiServiceExporter - Looking for RMI registry at port '1199'
2014-06-22 12:15:15,429 [main] INFO  org.springframework.remoting.rmi.RmiServiceExporter - Binding service 'PartidaServiceExported' to RMI registry: RegistryImpl_Stub[UnicastRef [liveRef: [endpoint:[192.168.1.101:1199](remote),objID:[0:0:0, 0]]]]
2014-06-22 12:15:15,556 [main] INFO  org.springframework.remoting.rmi.RmiServiceExporter - Looking for RMI registry at port '1199'
2014-06-22 12:15:15,568 [main] INFO  org.springframework.remoting.rmi.RmiServiceExporter - Binding service 'ProfilingServiceExported' to RMI registry: RegistryImpl_Stub[UnicastRef [liveRef: [endpoint:[192.168.1.101:1199](remote),objID:[0:0:0, 0]]]]
2014-06-22 12:15:15,617 [main] INFO  org.springframework.remoting.rmi.RmiServiceExporter - Looking for RMI registry at port '1199'
2014-06-22 12:15:15,635 [main] INFO  org.springframework.remoting.rmi.RmiServiceExporter - Binding service 'UsernameServiceExported' to RMI registry: RegistryImpl_Stub[UnicastRef [liveRef: [endpoint:[192.168.1.101:1199](remote),objID:[0:0:0, 0]]]]
2014-06-22 12:15:16,366 [main] INFO  uy.edu.ort.aop.TraceAspect - usuario: defaultUser [ejecuto metodo void uy.edu.ort.dao.ObjetoDao.guardar(Object)]
2014-06-22 12:15:16,367 [main] INFO  uy.edu.ort.aop.TraceAspect - usuario: defaultUser [ejecuto metodo void uy.edu.ort.service.BarcoService.addBarco(Barco)]
2014-06-22 12:15:16,383 [main] INFO  uy.edu.ort.aop.TraceAspect - usuario: defaultUser [ejecuto metodo void uy.edu.ort.dao.ObjetoDao.guardar(Object)]
2014-06-22 12:15:17,180 [main] INFO  uy.edu.ort.aop.TraceAspect - usuario: defaultUser [ejecuto metodo void uy.edu.ort.dao.ObjetoDao.guardar(Object)]
2014-06-22 12:15:17,180 [main] INFO  uy.edu.ort.aop.TraceAspect - usuario: defaultUser [ejecuto metodo void uy.edu.ort.service.ArriboService.registrarArribo(Barco,List,String,String,Date)]
2014-06-22 12:15:17,184 [main] INFO  uy.edu.ort.aop.TraceAspect - usuario: defaultUser [ejecuto metodo void uy.edu.ort.dao.ObjetoDao.guardar(Object)]
2014-06-22 12:29:06,949 [main] INFO  org.springframework.context.support.ClassPathXmlApplicationContext - Refreshing org.springframework.context.support.ClassPathXmlApplicationContext@5a39699c: startup date [Sun Jun 22 12:29:06 UYT 2014]; root of context hierarchy
2014-06-22 12:29:07,222 [main] INFO  org.springframework.beans.factory.xml.XmlBeanDefinitionReader - Loading XML bean definitions from class path resource [resources/application-context.xml]
2014-06-22 12:29:08,812 [main] INFO  org.springframework.context.support.ClassPathXmlApplicationContext - Bean '(inner bean)' of type [class org.springframework.aop.aspectj.AspectJAroundAdvice] is not eligible for getting processed by all BeanPostProcessors (for example: not eligible for auto-proxying)
2014-06-22 12:29:09,254 [main] INFO  org.springframework.context.support.ClassPathXmlApplicationContext - Bean 'org.springframework.aop.aspectj.AspectJPointcutAdvisor#0' of type [class org.springframework.aop.aspectj.AspectJPointcutAdvisor] is not eligible for getting processed by all BeanPostProcessors (for example: not eligible for auto-proxying)
2014-06-22 12:29:09,279 [main] INFO  org.springframework.context.support.ClassPathXmlApplicationContext - Bean '(inner bean)#2' of type [class org.springframework.aop.aspectj.AspectJAfterReturningAdvice] is not eligible for getting processed by all BeanPostProcessors (for example: not eligible for auto-proxying)
2014-06-22 12:29:09,288 [main] INFO  org.springframework.context.support.ClassPathXmlApplicationContext - Bean 'org.springframework.aop.aspectj.AspectJPointcutAdvisor#1' of type [class org.springframework.aop.aspectj.AspectJPointcutAdvisor] is not eligible for getting processed by all BeanPostProcessors (for example: not eligible for auto-proxying)
2014-06-22 12:29:09,329 [main] INFO  org.springframework.context.support.ClassPathXmlApplicationContext - Bean 'org.springframework.transaction.annotation.AnnotationTransactionAttributeSource#0' of type [class org.springframework.transaction.annotation.AnnotationTransactionAttributeSource] is not eligible for getting processed by all BeanPostProcessors (for example: not eligible for auto-proxying)
2014-06-22 12:29:09,494 [main] INFO  org.springframework.context.support.ClassPathXmlApplicationContext - Bean 'org.springframework.transaction.config.internalTransactionAdvisor' of type [class org.springframework.transaction.interceptor.BeanFactoryTransactionAttributeSourceAdvisor] is not eligible for getting processed by all BeanPostProcessors (for example: not eligible for auto-proxying)
2014-06-22 12:29:09,576 [main] INFO  org.springframework.beans.factory.support.DefaultListableBeanFactory - Pre-instantiating singletons in org.springframework.beans.factory.support.DefaultListableBeanFactory@4fb64261: defining beans [org.springframework.aop.config.internalAutoProxyCreator,org.springframework.transaction.annotation.AnnotationTransactionAttributeSource#0,org.springframework.transaction.interceptor.TransactionInterceptor#0,org.springframework.transaction.config.internalTransactionAdvisor,org.springframework.remoting.rmi.RmiServiceExporter#0,org.springframework.remoting.rmi.RmiServiceExporter#1,org.springframework.remoting.rmi.RmiServiceExporter#2,org.springframework.remoting.rmi.RmiServiceExporter#3,org.springframework.remoting.rmi.RmiServiceExporter#4,org.springframework.remoting.rmi.RmiServiceExporter#5,usernameService,arriboService,partidaService,barcoService,contenedorService,profilingService,arriboDao,partidaDao,contenedorDao,barcoDao,reporteEjecucionDao,myBeanPostProcessor,transactionManager,hibernateTemplate,sessionFactory,org.springframework.aop.aspectj.AspectJPointcutAdvisor#0,allServicePC,profilingAspect,org.springframework.aop.aspectj.AspectJPointcutAdvisor#1,allDaoPC,traceAspect]; root of factory hierarchy
2014-06-22 12:29:11,283 [main] INFO  org.springframework.orm.hibernate3.annotation.AnnotationSessionFactoryBean - Building new Hibernate SessionFactory
2014-06-22 12:29:14,517 [main] INFO  org.springframework.remoting.rmi.RmiServiceExporter - Looking for RMI registry at port '1199'
2014-06-22 12:29:14,575 [main] INFO  org.springframework.remoting.rmi.RmiServiceExporter - Could not detect RMI registry - creating new one
2014-06-22 12:29:14,611 [main] INFO  org.springframework.remoting.rmi.RmiServiceExporter - Binding service 'BarcoServiceExported' to RMI registry: RegistryImpl[UnicastServerRef [liveRef: [endpoint:[192.168.1.101:1199](local),objID:[0:0:0, 0]]]]
2014-06-22 12:29:14,717 [main] INFO  org.springframework.remoting.rmi.RmiServiceExporter - Looking for RMI registry at port '1199'
2014-06-22 12:29:14,759 [main] INFO  org.springframework.remoting.rmi.RmiServiceExporter - Binding service 'ContenedorServiceExported' to RMI registry: RegistryImpl_Stub[UnicastRef [liveRef: [endpoint:[192.168.1.101:1199](remote),objID:[0:0:0, 0]]]]
2014-06-22 12:29:14,836 [main] INFO  org.springframework.remoting.rmi.RmiServiceExporter - Looking for RMI registry at port '1199'
2014-06-22 12:29:14,843 [main] INFO  org.springframework.remoting.rmi.RmiServiceExporter - Binding service 'ArriboServiceExported' to RMI registry: RegistryImpl_Stub[UnicastRef [liveRef: [endpoint:[192.168.1.101:1199](remote),objID:[0:0:0, 0]]]]
2014-06-22 12:29:14,939 [main] INFO  org.springframework.remoting.rmi.RmiServiceExporter - Looking for RMI registry at port '1199'
2014-06-22 12:29:14,954 [main] INFO  org.springframework.remoting.rmi.RmiServiceExporter - Binding service 'PartidaServiceExported' to RMI registry: RegistryImpl_Stub[UnicastRef [liveRef: [endpoint:[192.168.1.101:1199](remote),objID:[0:0:0, 0]]]]
2014-06-22 12:29:15,081 [main] INFO  org.springframework.remoting.rmi.RmiServiceExporter - Looking for RMI registry at port '1199'
2014-06-22 12:29:15,084 [main] INFO  org.springframework.remoting.rmi.RmiServiceExporter - Binding service 'ProfilingServiceExported' to RMI registry: RegistryImpl_Stub[UnicastRef [liveRef: [endpoint:[192.168.1.101:1199](remote),objID:[0:0:0, 0]]]]
2014-06-22 12:29:15,111 [main] INFO  org.springframework.remoting.rmi.RmiServiceExporter - Looking for RMI registry at port '1199'
2014-06-22 12:29:15,114 [main] INFO  org.springframework.remoting.rmi.RmiServiceExporter - Binding service 'UsernameServiceExported' to RMI registry: RegistryImpl_Stub[UnicastRef [liveRef: [endpoint:[192.168.1.101:1199](remote),objID:[0:0:0, 0]]]]
2014-06-22 12:29:15,816 [main] INFO  uy.edu.ort.aop.TraceAspect - usuario: defaultUser [ejecuto metodo void uy.edu.ort.dao.ObjetoDao.guardar(Object)]
2014-06-22 12:29:15,817 [main] INFO  uy.edu.ort.aop.TraceAspect - usuario: defaultUser [ejecuto metodo void uy.edu.ort.service.BarcoService.addBarco(Barco)]
2014-06-22 12:29:15,833 [main] INFO  uy.edu.ort.aop.TraceAspect - usuario: defaultUser [ejecuto metodo void uy.edu.ort.dao.ObjetoDao.guardar(Object)]
2014-06-22 12:29:16,555 [main] INFO  uy.edu.ort.aop.TraceAspect - usuario: defaultUser [ejecuto metodo void uy.edu.ort.dao.ObjetoDao.guardar(Object)]
2014-06-22 12:29:16,556 [main] INFO  uy.edu.ort.aop.TraceAspect - usuario: defaultUser [ejecuto metodo void uy.edu.ort.service.ArriboService.registrarArribo(Barco,List,String,String,Date)]
2014-06-22 12:29:16,561 [main] INFO  uy.edu.ort.aop.TraceAspect - usuario: defaultUser [ejecuto metodo void uy.edu.ort.dao.ObjetoDao.guardar(Object)]
2014-06-22 12:32:23,030 [main] INFO  org.springframework.context.support.ClassPathXmlApplicationContext - Refreshing org.springframework.context.support.ClassPathXmlApplicationContext@5a39699c: startup date [Sun Jun 22 12:32:23 UYT 2014]; root of context hierarchy
2014-06-22 12:32:23,203 [main] INFO  org.springframework.beans.factory.xml.XmlBeanDefinitionReader - Loading XML bean definitions from class path resource [resources/application-context.xml]
2014-06-22 12:32:24,632 [main] INFO  org.springframework.context.support.ClassPathXmlApplicationContext - Bean '(inner bean)' of type [class org.springframework.aop.aspectj.AspectJAroundAdvice] is not eligible for getting processed by all BeanPostProcessors (for example: not eligible for auto-proxying)
2014-06-22 12:32:24,997 [main] INFO  org.springframework.context.support.ClassPathXmlApplicationContext - Bean 'org.springframework.aop.aspectj.AspectJPointcutAdvisor#0' of type [class org.springframework.aop.aspectj.AspectJPointcutAdvisor] is not eligible for getting processed by all BeanPostProcessors (for example: not eligible for auto-proxying)
2014-06-22 12:32:25,016 [main] INFO  org.springframework.context.support.ClassPathXmlApplicationContext - Bean '(inner bean)#2' of type [class org.springframework.aop.aspectj.AspectJAfterReturningAdvice] is not eligible for getting processed by all BeanPostProcessors (for example: not eligible for auto-proxying)
2014-06-22 12:32:25,024 [main] INFO  org.springframework.context.support.ClassPathXmlApplicationContext - Bean 'org.springframework.aop.aspectj.AspectJPointcutAdvisor#1' of type [class org.springframework.aop.aspectj.AspectJPointcutAdvisor] is not eligible for getting processed by all BeanPostProcessors (for example: not eligible for auto-proxying)
2014-06-22 12:32:25,055 [main] INFO  org.springframework.context.support.ClassPathXmlApplicationContext - Bean 'org.springframework.transaction.annotation.AnnotationTransactionAttributeSource#0' of type [class org.springframework.transaction.annotation.AnnotationTransactionAttributeSource] is not eligible for getting processed by all BeanPostProcessors (for example: not eligible for auto-proxying)
2014-06-22 12:32:25,207 [main] INFO  org.springframework.context.support.ClassPathXmlApplicationContext - Bean 'org.springframework.transaction.config.internalTransactionAdvisor' of type [class org.springframework.transaction.interceptor.BeanFactoryTransactionAttributeSourceAdvisor] is not eligible for getting processed by all BeanPostProcessors (for example: not eligible for auto-proxying)
2014-06-22 12:32:25,264 [main] INFO  org.springframework.beans.factory.support.DefaultListableBeanFactory - Pre-instantiating singletons in org.springframework.beans.factory.support.DefaultListableBeanFactory@4fb64261: defining beans [org.springframework.aop.config.internalAutoProxyCreator,org.springframework.transaction.annotation.AnnotationTransactionAttributeSource#0,org.springframework.transaction.interceptor.TransactionInterceptor#0,org.springframework.transaction.config.internalTransactionAdvisor,org.springframework.remoting.rmi.RmiServiceExporter#0,org.springframework.remoting.rmi.RmiServiceExporter#1,org.springframework.remoting.rmi.RmiServiceExporter#2,org.springframework.remoting.rmi.RmiServiceExporter#3,org.springframework.remoting.rmi.RmiServiceExporter#4,org.springframework.remoting.rmi.RmiServiceExporter#5,usernameService,arriboService,partidaService,barcoService,contenedorService,profilingService,arriboDao,partidaDao,contenedorDao,barcoDao,reporteEjecucionDao,myBeanPostProcessor,transactionManager,hibernateTemplate,sessionFactory,org.springframework.aop.aspectj.AspectJPointcutAdvisor#0,allServicePC,profilingAspect,org.springframework.aop.aspectj.AspectJPointcutAdvisor#1,allDaoPC,traceAspect]; root of factory hierarchy
2014-06-22 12:32:27,098 [main] INFO  org.springframework.orm.hibernate3.annotation.AnnotationSessionFactoryBean - Building new Hibernate SessionFactory
2014-06-22 12:32:30,624 [main] INFO  org.springframework.remoting.rmi.RmiServiceExporter - Looking for RMI registry at port '1199'
2014-06-22 12:32:30,671 [main] INFO  org.springframework.remoting.rmi.RmiServiceExporter - Could not detect RMI registry - creating new one
2014-06-22 12:32:30,727 [main] INFO  org.springframework.remoting.rmi.RmiServiceExporter - Binding service 'BarcoServiceExported' to RMI registry: RegistryImpl[UnicastServerRef [liveRef: [endpoint:[192.168.1.101:1199](local),objID:[0:0:0, 0]]]]
2014-06-22 12:32:31,017 [main] INFO  org.springframework.remoting.rmi.RmiServiceExporter - Looking for RMI registry at port '1199'
2014-06-22 12:32:31,107 [main] INFO  org.springframework.remoting.rmi.RmiServiceExporter - Binding service 'ContenedorServiceExported' to RMI registry: RegistryImpl_Stub[UnicastRef [liveRef: [endpoint:[192.168.1.101:1199](remote),objID:[0:0:0, 0]]]]
2014-06-22 12:32:31,293 [main] INFO  org.springframework.remoting.rmi.RmiServiceExporter - Looking for RMI registry at port '1199'
2014-06-22 12:32:31,300 [main] INFO  org.springframework.remoting.rmi.RmiServiceExporter - Binding service 'ArriboServiceExported' to RMI registry: RegistryImpl_Stub[UnicastRef [liveRef: [endpoint:[192.168.1.101:1199](remote),objID:[0:0:0, 0]]]]
2014-06-22 12:32:31,381 [main] INFO  org.springframework.remoting.rmi.RmiServiceExporter - Looking for RMI registry at port '1199'
2014-06-22 12:32:31,397 [main] INFO  org.springframework.remoting.rmi.RmiServiceExporter - Binding service 'PartidaServiceExported' to RMI registry: RegistryImpl_Stub[UnicastRef [liveRef: [endpoint:[192.168.1.101:1199](remote),objID:[0:0:0, 0]]]]
2014-06-22 12:32:31,618 [main] INFO  org.springframework.remoting.rmi.RmiServiceExporter - Looking for RMI registry at port '1199'
2014-06-22 12:32:31,628 [main] INFO  org.springframework.remoting.rmi.RmiServiceExporter - Binding service 'ProfilingServiceExported' to RMI registry: RegistryImpl_Stub[UnicastRef [liveRef: [endpoint:[192.168.1.101:1199](remote),objID:[0:0:0, 0]]]]
2014-06-22 12:32:31,687 [main] INFO  org.springframework.remoting.rmi.RmiServiceExporter - Looking for RMI registry at port '1199'
2014-06-22 12:32:31,697 [main] INFO  org.springframework.remoting.rmi.RmiServiceExporter - Binding service 'UsernameServiceExported' to RMI registry: RegistryImpl_Stub[UnicastRef [liveRef: [endpoint:[192.168.1.101:1199](remote),objID:[0:0:0, 0]]]]
2014-06-22 12:32:32,988 [main] INFO  uy.edu.ort.aop.TraceAspect - usuario: defaultUser [ejecuto metodo void uy.edu.ort.dao.ObjetoDao.guardar(Object)]
2014-06-22 12:32:32,988 [main] INFO  uy.edu.ort.aop.TraceAspect - usuario: defaultUser [ejecuto metodo void uy.edu.ort.service.ArriboService.registrarArribo(Barco,List,String,String,Date)]
2014-06-22 12:32:32,995 [main] INFO  uy.edu.ort.aop.TraceAspect - usuario: defaultUser [ejecuto metodo void uy.edu.ort.dao.ObjetoDao.guardar(Object)]
2014-06-22 12:35:05,162 [main] INFO  org.springframework.context.support.ClassPathXmlApplicationContext - Refreshing org.springframework.context.support.ClassPathXmlApplicationContext@5a39699c: startup date [Sun Jun 22 12:35:05 UYT 2014]; root of context hierarchy
2014-06-22 12:35:05,448 [main] INFO  org.springframework.beans.factory.xml.XmlBeanDefinitionReader - Loading XML bean definitions from class path resource [resources/application-context.xml]
2014-06-22 12:35:07,070 [main] INFO  org.springframework.context.support.ClassPathXmlApplicationContext - Bean '(inner bean)' of type [class org.springframework.aop.aspectj.AspectJAroundAdvice] is not eligible for getting processed by all BeanPostProcessors (for example: not eligible for auto-proxying)
2014-06-22 12:35:07,227 [main] INFO  org.springframework.context.support.ClassPathXmlApplicationContext - Bean 'org.springframework.aop.aspectj.AspectJPointcutAdvisor#0' of type [class org.springframework.aop.aspectj.AspectJPointcutAdvisor] is not eligible for getting processed by all BeanPostProcessors (for example: not eligible for auto-proxying)
2014-06-22 12:35:07,236 [main] INFO  org.springframework.context.support.ClassPathXmlApplicationContext - Bean '(inner bean)#2' of type [class org.springframework.aop.aspectj.AspectJAfterReturningAdvice] is not eligible for getting processed by all BeanPostProcessors (for example: not eligible for auto-proxying)
2014-06-22 12:35:07,240 [main] INFO  org.springframework.context.support.ClassPathXmlApplicationContext - Bean 'org.springframework.aop.aspectj.AspectJPointcutAdvisor#1' of type [class org.springframework.aop.aspectj.AspectJPointcutAdvisor] is not eligible for getting processed by all BeanPostProcessors (for example: not eligible for auto-proxying)
2014-06-22 12:35:07,250 [main] INFO  org.springframework.context.support.ClassPathXmlApplicationContext - Bean 'org.springframework.transaction.annotation.AnnotationTransactionAttributeSource#0' of type [class org.springframework.transaction.annotation.AnnotationTransactionAttributeSource] is not eligible for getting processed by all BeanPostProcessors (for example: not eligible for auto-proxying)
2014-06-22 12:35:07,293 [main] INFO  org.springframework.context.support.ClassPathXmlApplicationContext - Bean 'org.springframework.transaction.config.internalTransactionAdvisor' of type [class org.springframework.transaction.interceptor.BeanFactoryTransactionAttributeSourceAdvisor] is not eligible for getting processed by all BeanPostProcessors (for example: not eligible for auto-proxying)
2014-06-22 12:35:07,315 [main] INFO  org.springframework.beans.factory.support.DefaultListableBeanFactory - Pre-instantiating singletons in org.springframework.beans.factory.support.DefaultListableBeanFactory@4fb64261: defining beans [org.springframework.aop.config.internalAutoProxyCreator,org.springframework.transaction.annotation.AnnotationTransactionAttributeSource#0,org.springframework.transaction.interceptor.TransactionInterceptor#0,org.springframework.transaction.config.internalTransactionAdvisor,org.springframework.remoting.rmi.RmiServiceExporter#0,org.springframework.remoting.rmi.RmiServiceExporter#1,org.springframework.remoting.rmi.RmiServiceExporter#2,org.springframework.remoting.rmi.RmiServiceExporter#3,org.springframework.remoting.rmi.RmiServiceExporter#4,org.springframework.remoting.rmi.RmiServiceExporter#5,usernameService,arriboService,partidaService,barcoService,contenedorService,profilingService,arriboDao,partidaDao,contenedorDao,barcoDao,reporteEjecucionDao,myBeanPostProcessor,transactionManager,hibernateTemplate,sessionFactory,org.springframework.aop.aspectj.AspectJPointcutAdvisor#0,allServicePC,profilingAspect,org.springframework.aop.aspectj.AspectJPointcutAdvisor#1,allDaoPC,traceAspect]; root of factory hierarchy
2014-06-22 12:35:08,161 [main] INFO  org.springframework.orm.hibernate3.annotation.AnnotationSessionFactoryBean - Building new Hibernate SessionFactory
2014-06-22 12:35:09,667 [main] INFO  org.springframework.remoting.rmi.RmiServiceExporter - Looking for RMI registry at port '1199'
2014-06-22 12:35:09,693 [main] INFO  org.springframework.remoting.rmi.RmiServiceExporter - Could not detect RMI registry - creating new one
2014-06-22 12:35:09,711 [main] INFO  org.springframework.remoting.rmi.RmiServiceExporter - Binding service 'BarcoServiceExported' to RMI registry: RegistryImpl[UnicastServerRef [liveRef: [endpoint:[192.168.1.101:1199](local),objID:[0:0:0, 0]]]]
2014-06-22 12:35:09,767 [main] INFO  org.springframework.remoting.rmi.RmiServiceExporter - Looking for RMI registry at port '1199'
2014-06-22 12:35:09,800 [main] INFO  org.springframework.remoting.rmi.RmiServiceExporter - Binding service 'ContenedorServiceExported' to RMI registry: RegistryImpl_Stub[UnicastRef [liveRef: [endpoint:[192.168.1.101:1199](remote),objID:[0:0:0, 0]]]]
2014-06-22 12:35:09,845 [main] INFO  org.springframework.remoting.rmi.RmiServiceExporter - Looking for RMI registry at port '1199'
2014-06-22 12:35:09,848 [main] INFO  org.springframework.remoting.rmi.RmiServiceExporter - Binding service 'ArriboServiceExported' to RMI registry: RegistryImpl_Stub[UnicastRef [liveRef: [endpoint:[192.168.1.101:1199](remote),objID:[0:0:0, 0]]]]
2014-06-22 12:35:10,014 [main] INFO  org.springframework.remoting.rmi.RmiServiceExporter - Looking for RMI registry at port '1199'
2014-06-22 12:35:10,034 [main] INFO  org.springframework.remoting.rmi.RmiServiceExporter - Binding service 'PartidaServiceExported' to RMI registry: RegistryImpl_Stub[UnicastRef [liveRef: [endpoint:[192.168.1.101:1199](remote),objID:[0:0:0, 0]]]]
2014-06-22 12:35:10,155 [main] INFO  org.springframework.remoting.rmi.RmiServiceExporter - Looking for RMI registry at port '1199'
2014-06-22 12:35:10,160 [main] INFO  org.springframework.remoting.rmi.RmiServiceExporter - Binding service 'ProfilingServiceExported' to RMI registry: RegistryImpl_Stub[UnicastRef [liveRef: [endpoint:[192.168.1.101:1199](remote),objID:[0:0:0, 0]]]]
2014-06-22 12:35:10,216 [main] INFO  org.springframework.remoting.rmi.RmiServiceExporter - Looking for RMI registry at port '1199'
2014-06-22 12:35:10,228 [main] INFO  org.springframework.remoting.rmi.RmiServiceExporter - Binding service 'UsernameServiceExported' to RMI registry: RegistryImpl_Stub[UnicastRef [liveRef: [endpoint:[192.168.1.101:1199](remote),objID:[0:0:0, 0]]]]
2014-06-22 12:35:11,134 [main] INFO  uy.edu.ort.aop.TraceAspect - usuario: defaultUser [ejecuto metodo void uy.edu.ort.dao.ObjetoDao.guardar(Object)]
2014-06-22 12:35:11,134 [main] INFO  uy.edu.ort.aop.TraceAspect - usuario: defaultUser [ejecuto metodo void uy.edu.ort.service.BarcoService.addBarco(Barco)]
2014-06-22 12:35:11,136 [main] INFO  uy.edu.ort.aop.TraceAspect - usuario: defaultUser [ejecuto metodo void uy.edu.ort.dao.ObjetoDao.guardar(Object)]
2014-06-22 12:35:11,789 [main] INFO  uy.edu.ort.aop.TraceAspect - usuario: defaultUser [ejecuto metodo void uy.edu.ort.dao.ObjetoDao.guardar(Object)]
2014-06-22 12:35:11,875 [main] INFO  uy.edu.ort.aop.TraceAspect - usuario: defaultUser [ejecuto metodo void uy.edu.ort.dao.ObjetoDao.guardar(Object)]
2014-06-22 12:35:11,878 [main] INFO  uy.edu.ort.aop.TraceAspect - usuario: defaultUser [ejecuto metodo void uy.edu.ort.service.ArriboService.registrarArribo(Barco,List,String,String,Date)]
2014-06-22 12:35:11,880 [main] INFO  uy.edu.ort.aop.TraceAspect - usuario: defaultUser [ejecuto metodo void uy.edu.ort.dao.ObjetoDao.guardar(Object)]
2014-06-22 12:35:11,953 [main] INFO  uy.edu.ort.aop.TraceAspect - usuario: defaultUser [ejecuto metodo void uy.edu.ort.dao.ObjetoDao.guardar(Object)]
2014-06-22 12:39:56,620 [main] INFO  org.springframework.context.support.ClassPathXmlApplicationContext - Refreshing org.springframework.context.support.ClassPathXmlApplicationContext@5a39699c: startup date [Sun Jun 22 12:39:56 UYT 2014]; root of context hierarchy
2014-06-22 12:39:56,791 [main] INFO  org.springframework.beans.factory.xml.XmlBeanDefinitionReader - Loading XML bean definitions from class path resource [resources/application-context.xml]
2014-06-22 12:39:57,826 [main] INFO  org.springframework.context.support.ClassPathXmlApplicationContext - Bean '(inner bean)' of type [class org.springframework.aop.aspectj.AspectJAroundAdvice] is not eligible for getting processed by all BeanPostProcessors (for example: not eligible for auto-proxying)
2014-06-22 12:39:58,184 [main] INFO  org.springframework.context.support.ClassPathXmlApplicationContext - Bean 'org.springframework.aop.aspectj.AspectJPointcutAdvisor#0' of type [class org.springframework.aop.aspectj.AspectJPointcutAdvisor] is not eligible for getting processed by all BeanPostProcessors (for example: not eligible for auto-proxying)
2014-06-22 12:39:58,213 [main] INFO  org.springframework.context.support.ClassPathXmlApplicationContext - Bean '(inner bean)#2' of type [class org.springframework.aop.aspectj.AspectJAfterReturningAdvice] is not eligible for getting processed by all BeanPostProcessors (for example: not eligible for auto-proxying)
2014-06-22 12:39:58,218 [main] INFO  org.springframework.context.support.ClassPathXmlApplicationContext - Bean 'org.springframework.aop.aspectj.AspectJPointcutAdvisor#1' of type [class org.springframework.aop.aspectj.AspectJPointcutAdvisor] is not eligible for getting processed by all BeanPostProcessors (for example: not eligible for auto-proxying)
2014-06-22 12:39:58,239 [main] INFO  org.springframework.context.support.ClassPathXmlApplicationContext - Bean 'org.springframework.transaction.annotation.AnnotationTransactionAttributeSource#0' of type [class org.springframework.transaction.annotation.AnnotationTransactionAttributeSource] is not eligible for getting processed by all BeanPostProcessors (for example: not eligible for auto-proxying)
2014-06-22 12:39:58,299 [main] INFO  org.springframework.context.support.ClassPathXmlApplicationContext - Bean 'org.springframework.transaction.config.internalTransactionAdvisor' of type [class org.springframework.transaction.interceptor.BeanFactoryTransactionAttributeSourceAdvisor] is not eligible for getting processed by all BeanPostProcessors (for example: not eligible for auto-proxying)
2014-06-22 12:39:58,345 [main] INFO  org.springframework.beans.factory.support.DefaultListableBeanFactory - Pre-instantiating singletons in org.springframework.beans.factory.support.DefaultListableBeanFactory@4fb64261: defining beans [org.springframework.aop.config.internalAutoProxyCreator,org.springframework.transaction.annotation.AnnotationTransactionAttributeSource#0,org.springframework.transaction.interceptor.TransactionInterceptor#0,org.springframework.transaction.config.internalTransactionAdvisor,org.springframework.remoting.rmi.RmiServiceExporter#0,org.springframework.remoting.rmi.RmiServiceExporter#1,org.springframework.remoting.rmi.RmiServiceExporter#2,org.springframework.remoting.rmi.RmiServiceExporter#3,org.springframework.remoting.rmi.RmiServiceExporter#4,org.springframework.remoting.rmi.RmiServiceExporter#5,usernameService,arriboService,partidaService,barcoService,contenedorService,profilingService,arriboDao,partidaDao,contenedorDao,barcoDao,reporteEjecucionDao,myBeanPostProcessor,transactionManager,hibernateTemplate,sessionFactory,org.springframework.aop.aspectj.AspectJPointcutAdvisor#0,allServicePC,profilingAspect,org.springframework.aop.aspectj.AspectJPointcutAdvisor#1,allDaoPC,traceAspect]; root of factory hierarchy
2014-06-22 12:40:00,250 [main] INFO  org.springframework.orm.hibernate3.annotation.AnnotationSessionFactoryBean - Building new Hibernate SessionFactory
2014-06-22 12:40:03,245 [main] INFO  org.springframework.remoting.rmi.RmiServiceExporter - Looking for RMI registry at port '1199'
2014-06-22 12:40:03,314 [main] INFO  org.springframework.remoting.rmi.RmiServiceExporter - Could not detect RMI registry - creating new one
2014-06-22 12:40:03,359 [main] INFO  org.springframework.remoting.rmi.RmiServiceExporter - Binding service 'BarcoServiceExported' to RMI registry: RegistryImpl[UnicastServerRef [liveRef: [endpoint:[192.168.1.101:1199](local),objID:[0:0:0, 0]]]]
2014-06-22 12:40:03,566 [main] INFO  org.springframework.remoting.rmi.RmiServiceExporter - Looking for RMI registry at port '1199'
2014-06-22 12:40:03,629 [main] INFO  org.springframework.remoting.rmi.RmiServiceExporter - Binding service 'ContenedorServiceExported' to RMI registry: RegistryImpl_Stub[UnicastRef [liveRef: [endpoint:[192.168.1.101:1199](remote),objID:[0:0:0, 0]]]]
2014-06-22 12:40:03,695 [main] INFO  org.springframework.remoting.rmi.RmiServiceExporter - Looking for RMI registry at port '1199'
2014-06-22 12:40:03,703 [main] INFO  org.springframework.remoting.rmi.RmiServiceExporter - Binding service 'ArriboServiceExported' to RMI registry: RegistryImpl_Stub[UnicastRef [liveRef: [endpoint:[192.168.1.101:1199](remote),objID:[0:0:0, 0]]]]
2014-06-22 12:40:03,759 [main] INFO  org.springframework.remoting.rmi.RmiServiceExporter - Looking for RMI registry at port '1199'
2014-06-22 12:40:03,761 [main] INFO  org.springframework.remoting.rmi.RmiServiceExporter - Binding service 'PartidaServiceExported' to RMI registry: RegistryImpl_Stub[UnicastRef [liveRef: [endpoint:[192.168.1.101:1199](remote),objID:[0:0:0, 0]]]]
2014-06-22 12:40:03,881 [main] INFO  org.springframework.remoting.rmi.RmiServiceExporter - Looking for RMI registry at port '1199'
2014-06-22 12:40:03,892 [main] INFO  org.springframework.remoting.rmi.RmiServiceExporter - Binding service 'ProfilingServiceExported' to RMI registry: RegistryImpl_Stub[UnicastRef [liveRef: [endpoint:[192.168.1.101:1199](remote),objID:[0:0:0, 0]]]]
2014-06-22 12:40:03,959 [main] INFO  org.springframework.remoting.rmi.RmiServiceExporter - Looking for RMI registry at port '1199'
2014-06-22 12:40:03,965 [main] INFO  org.springframework.remoting.rmi.RmiServiceExporter - Binding service 'UsernameServiceExported' to RMI registry: RegistryImpl_Stub[UnicastRef [liveRef: [endpoint:[192.168.1.101:1199](remote),objID:[0:0:0, 0]]]]
2014-06-22 12:40:04,477 [main] INFO  uy.edu.ort.aop.TraceAspect - usuario: defaultUser [ejecuto metodo void uy.edu.ort.dao.ObjetoDao.guardar(Object)]
2014-06-22 12:40:04,478 [main] INFO  uy.edu.ort.aop.TraceAspect - usuario: defaultUser [ejecuto metodo void uy.edu.ort.service.BarcoService.addBarco(Barco)]
2014-06-22 12:40:04,484 [main] INFO  uy.edu.ort.aop.TraceAspect - usuario: defaultUser [ejecuto metodo void uy.edu.ort.dao.ObjetoDao.guardar(Object)]
2014-06-22 12:40:05,243 [main] INFO  uy.edu.ort.aop.TraceAspect - usuario: defaultUser [ejecuto metodo void uy.edu.ort.dao.ObjetoDao.guardar(Object)]
2014-06-22 12:40:05,243 [main] INFO  uy.edu.ort.aop.TraceAspect - usuario: defaultUser [ejecuto metodo void uy.edu.ort.service.ArriboService.registrarArribo(Barco,List,String,String,Date)]
2014-06-22 12:40:05,249 [main] INFO  uy.edu.ort.aop.TraceAspect - usuario: defaultUser [ejecuto metodo void uy.edu.ort.dao.ObjetoDao.guardar(Object)]
2014-06-22 12:40:05,524 [main] INFO  uy.edu.ort.aop.TraceAspect - usuario: defaultUser [ejecuto metodo void uy.edu.ort.dao.ObjetoDao.guardar(Object)]
2014-06-22 12:44:49,691 [main] INFO  org.springframework.context.support.ClassPathXmlApplicationContext - Refreshing org.springframework.context.support.ClassPathXmlApplicationContext@27f674d: startup date [Sun Jun 22 12:44:49 UYT 2014]; root of context hierarchy
2014-06-22 12:44:49,866 [main] INFO  org.springframework.beans.factory.xml.XmlBeanDefinitionReader - Loading XML bean definitions from class path resource [resources/application-context.xml]
2014-06-22 12:44:51,605 [main] INFO  org.springframework.context.support.ClassPathXmlApplicationContext - Bean '(inner bean)' of type [class org.springframework.aop.aspectj.AspectJAroundAdvice] is not eligible for getting processed by all BeanPostProcessors (for example: not eligible for auto-proxying)
2014-06-22 12:44:52,052 [main] INFO  org.springframework.context.support.ClassPathXmlApplicationContext - Bean 'org.springframework.aop.aspectj.AspectJPointcutAdvisor#0' of type [class org.springframework.aop.aspectj.AspectJPointcutAdvisor] is not eligible for getting processed by all BeanPostProcessors (for example: not eligible for auto-proxying)
2014-06-22 12:44:52,093 [main] INFO  org.springframework.context.support.ClassPathXmlApplicationContext - Bean '(inner bean)#2' of type [class org.springframework.aop.aspectj.AspectJAfterReturningAdvice] is not eligible for getting processed by all BeanPostProcessors (for example: not eligible for auto-proxying)
2014-06-22 12:44:52,101 [main] INFO  org.springframework.context.support.ClassPathXmlApplicationContext - Bean 'org.springframework.aop.aspectj.AspectJPointcutAdvisor#1' of type [class org.springframework.aop.aspectj.AspectJPointcutAdvisor] is not eligible for getting processed by all BeanPostProcessors (for example: not eligible for auto-proxying)
2014-06-22 12:44:52,113 [main] INFO  org.springframework.context.support.ClassPathXmlApplicationContext - Bean 'org.springframework.transaction.annotation.AnnotationTransactionAttributeSource#0' of type [class org.springframework.transaction.annotation.AnnotationTransactionAttributeSource] is not eligible for getting processed by all BeanPostProcessors (for example: not eligible for auto-proxying)
2014-06-22 12:44:52,255 [main] INFO  org.springframework.context.support.ClassPathXmlApplicationContext - Bean 'org.springframework.transaction.config.internalTransactionAdvisor' of type [class org.springframework.transaction.interceptor.BeanFactoryTransactionAttributeSourceAdvisor] is not eligible for getting processed by all BeanPostProcessors (for example: not eligible for auto-proxying)
2014-06-22 12:44:52,315 [main] INFO  org.springframework.beans.factory.support.DefaultListableBeanFactory - Pre-instantiating singletons in org.springframework.beans.factory.support.DefaultListableBeanFactory@4524411f: defining beans [org.springframework.aop.config.internalAutoProxyCreator,org.springframework.transaction.annotation.AnnotationTransactionAttributeSource#0,org.springframework.transaction.interceptor.TransactionInterceptor#0,org.springframework.transaction.config.internalTransactionAdvisor,org.springframework.remoting.rmi.RmiServiceExporter#0,org.springframework.remoting.rmi.RmiServiceExporter#1,org.springframework.remoting.rmi.RmiServiceExporter#2,org.springframework.remoting.rmi.RmiServiceExporter#3,org.springframework.remoting.rmi.RmiServiceExporter#4,org.springframework.remoting.rmi.RmiServiceExporter#5,usernameService,arriboService,partidaService,barcoService,contenedorService,profilingService,arriboDao,partidaDao,contenedorDao,barcoDao,reporteEjecucionDao,myBeanPostProcessor,transactionManager,hibernateTemplate,sessionFactory,org.springframework.aop.aspectj.AspectJPointcutAdvisor#0,allServicePC,profilingAspect,org.springframework.aop.aspectj.AspectJPointcutAdvisor#1,allDaoPC,traceAspect]; root of factory hierarchy
2014-06-22 12:44:54,815 [main] INFO  org.springframework.orm.hibernate3.annotation.AnnotationSessionFactoryBean - Building new Hibernate SessionFactory
2014-06-22 12:44:58,850 [main] INFO  org.springframework.remoting.rmi.RmiServiceExporter - Looking for RMI registry at port '1199'
2014-06-22 12:44:58,939 [main] INFO  org.springframework.remoting.rmi.RmiServiceExporter - Could not detect RMI registry - creating new one
2014-06-22 12:44:59,002 [main] INFO  org.springframework.remoting.rmi.RmiServiceExporter - Binding service 'BarcoServiceExported' to RMI registry: RegistryImpl[UnicastServerRef [liveRef: [endpoint:[192.168.1.101:1199](local),objID:[0:0:0, 0]]]]
2014-06-22 12:44:59,181 [main] INFO  org.springframework.remoting.rmi.RmiServiceExporter - Looking for RMI registry at port '1199'
2014-06-22 12:44:59,263 [main] INFO  org.springframework.remoting.rmi.RmiServiceExporter - Binding service 'ContenedorServiceExported' to RMI registry: RegistryImpl_Stub[UnicastRef [liveRef: [endpoint:[192.168.1.101:1199](remote),objID:[0:0:0, 0]]]]
2014-06-22 12:44:59,394 [main] INFO  org.springframework.remoting.rmi.RmiServiceExporter - Looking for RMI registry at port '1199'
2014-06-22 12:44:59,402 [main] INFO  org.springframework.remoting.rmi.RmiServiceExporter - Binding service 'ArriboServiceExported' to RMI registry: RegistryImpl_Stub[UnicastRef [liveRef: [endpoint:[192.168.1.101:1199](remote),objID:[0:0:0, 0]]]]
2014-06-22 12:44:59,604 [main] INFO  org.springframework.remoting.rmi.RmiServiceExporter - Looking for RMI registry at port '1199'
2014-06-22 12:44:59,622 [main] INFO  org.springframework.remoting.rmi.RmiServiceExporter - Binding service 'PartidaServiceExported' to RMI registry: RegistryImpl_Stub[UnicastRef [liveRef: [endpoint:[192.168.1.101:1199](remote),objID:[0:0:0, 0]]]]
2014-06-22 12:44:59,721 [main] INFO  org.springframework.remoting.rmi.RmiServiceExporter - Looking for RMI registry at port '1199'
2014-06-22 12:44:59,732 [main] INFO  org.springframework.remoting.rmi.RmiServiceExporter - Binding service 'ProfilingServiceExported' to RMI registry: RegistryImpl_Stub[UnicastRef [liveRef: [endpoint:[192.168.1.101:1199](remote),objID:[0:0:0, 0]]]]
2014-06-22 12:44:59,793 [main] INFO  org.springframework.remoting.rmi.RmiServiceExporter - Looking for RMI registry at port '1199'
2014-06-22 12:44:59,800 [main] INFO  org.springframework.remoting.rmi.RmiServiceExporter - Binding service 'UsernameServiceExported' to RMI registry: RegistryImpl_Stub[UnicastRef [liveRef: [endpoint:[192.168.1.101:1199](remote),objID:[0:0:0, 0]]]]
2014-06-22 12:45:00,543 [main] INFO  uy.edu.ort.aop.TraceAspect - usuario: defaultUser [ejecuto metodo void uy.edu.ort.dao.ObjetoDao.guardar(Object)]
2014-06-22 12:45:00,544 [main] INFO  uy.edu.ort.aop.TraceAspect - usuario: defaultUser [ejecuto metodo void uy.edu.ort.service.BarcoService.addBarco(Barco)]
2014-06-22 12:45:00,552 [main] INFO  uy.edu.ort.aop.TraceAspect - usuario: defaultUser [ejecuto metodo void uy.edu.ort.dao.ObjetoDao.guardar(Object)]
2014-06-22 12:45:01,197 [main] INFO  uy.edu.ort.aop.TraceAspect - usuario: defaultUser [ejecuto metodo void uy.edu.ort.dao.ObjetoDao.guardar(Object)]
2014-06-22 12:45:01,198 [main] INFO  uy.edu.ort.aop.TraceAspect - usuario: defaultUser [ejecuto metodo void uy.edu.ort.service.ArriboService.registrarArribo(Barco,List,String,String,Date)]
2014-06-22 12:45:01,199 [main] INFO  uy.edu.ort.aop.TraceAspect - usuario: defaultUser [ejecuto metodo void uy.edu.ort.dao.ObjetoDao.guardar(Object)]
